<?xml version="1.0" encoding="UTF-8"?>
<testsuite name="com.exercise.flattener.IntegerFlattenerTest" tests="7" skipped="0" failures="0" errors="0" timestamp="2017-08-03T17:31:51" hostname="DESKTOP-RST91EU" time="0.015">
  <properties/>
  <testcase name="testFlattenEmpty" classname="com.exercise.flattener.IntegerFlattenerTest" time="0.003"/>
  <testcase name="testNestedOneLevel" classname="com.exercise.flattener.IntegerFlattenerTest" time="0.0"/>
  <testcase name="testInvalidIntegerArray" classname="com.exercise.flattener.IntegerFlattenerTest" time="0.006"/>
  <testcase name="testFlattenNull" classname="com.exercise.flattener.IntegerFlattenerTest" time="0.0"/>
  <testcase name="testNestedMultipleLevels" classname="com.exercise.flattener.IntegerFlattenerTest" time="0.0"/>
  <testcase name="testSimple" classname="com.exercise.flattener.IntegerFlattenerTest" time="0.0"/>
  <testcase name="testMissorted" classname="com.exercise.flattener.IntegerFlattenerTest" time="0.0"/>
  <system-out><![CDATA[]]></system-out>
  <system-err><![CDATA[]]></system-err>
</testsuite>
